Analysis & Synthesis report for EXAM4
Wed May 05 16:58:22 2021
Quartus Prime Version 18.1.0 Build 625 09/12/2018 SJ Lite Edition


---------------------
; Table of Contents ;
---------------------
  1. Legal Notice
  2. Analysis & Synthesis Summary
  3. Analysis & Synthesis Settings
  4. Parallel Compilation
  5. Analysis & Synthesis Source Files Read
  6. Analysis & Synthesis Resource Usage Summary
  7. Analysis & Synthesis Resource Utilization by Entity
  8. User-Specified and Inferred Latches
  9. General Register Statistics
 10. Multiplexer Restructuring Statistics (Restructuring Performed)
 11. Parameter Settings for User Entity Instance: Top-level Entity: |elevator2
 12. Parameter Settings for User Entity Instance: Ad_Counter:add
 13. Analysis & Synthesis Messages
 14. Analysis & Synthesis Suppressed Messages



----------------
; Legal Notice ;
----------------
Copyright (C) 2018  Intel Corporation. All rights reserved.
Your use of Intel Corporation's design tools, logic functions 
and other software and tools, and its AMPP partner logic 
functions, and any output files from any of the foregoing 
(including device programming or simulation files), and any 
associated documentation or information are expressly subject 
to the terms and conditions of the Intel Program License 
Subscription Agreement, the Intel Quartus Prime License Agreement,
the Intel FPGA IP License Agreement, or other applicable license
agreement, including, without limitation, that your use is for
the sole purpose of programming logic devices manufactured by
Intel and sold by Intel or its authorized distributors.  Please
refer to the applicable agreement for further details.



+---------------------------------------------------------------------------+
; Analysis & Synthesis Summary                                              ;
+-----------------------------+---------------------------------------------+
; Analysis & Synthesis Status ; Successful - Wed May 05 16:58:22 2021       ;
; Quartus Prime Version       ; 18.1.0 Build 625 09/12/2018 SJ Lite Edition ;
; Revision Name               ; EXAM4                                       ;
; Top-level Entity Name       ; elevator2                                   ;
; Family                      ; MAX V                                       ;
; Total logic elements        ; 72                                          ;
; Total pins                  ; 16                                          ;
; Total virtual pins          ; 0                                           ;
; UFM blocks                  ; 0 / 1 ( 0 % )                               ;
+-----------------------------+---------------------------------------------+


+------------------------------------------------------------------------------------------------------------+
; Analysis & Synthesis Settings                                                                              ;
+------------------------------------------------------------------+--------------------+--------------------+
; Option                                                           ; Setting            ; Default Value      ;
+------------------------------------------------------------------+--------------------+--------------------+
; Top-level entity name                                            ; elevator2          ; EXAM4              ;
; Family name                                                      ; MAX V              ; Cyclone V          ;
; Use smart compilation                                            ; Off                ; Off                ;
; Enable parallel Assembler and Timing Analyzer during compilation ; On                 ; On                 ;
; Enable compact report table                                      ; Off                ; Off                ;
; Restructure Multiplexers                                         ; Auto               ; Auto               ;
; Create Debugging Nodes for IP Cores                              ; Off                ; Off                ;
; Preserve fewer node names                                        ; On                 ; On                 ;
; Intel FPGA IP Evaluation Mode                                    ; Enable             ; Enable             ;
; Verilog Version                                                  ; Verilog_2001       ; Verilog_2001       ;
; VHDL Version                                                     ; VHDL_1993          ; VHDL_1993          ;
; State Machine Processing                                         ; Auto               ; Auto               ;
; Safe State Machine                                               ; Off                ; Off                ;
; Extract Verilog State Machines                                   ; On                 ; On                 ;
; Extract VHDL State Machines                                      ; On                 ; On                 ;
; Ignore Verilog initial constructs                                ; Off                ; Off                ;
; Iteration limit for constant Verilog loops                       ; 5000               ; 5000               ;
; Iteration limit for non-constant Verilog loops                   ; 250                ; 250                ;
; Add Pass-Through Logic to Inferred RAMs                          ; On                 ; On                 ;
; Infer RAMs from Raw Logic                                        ; On                 ; On                 ;
; Parallel Synthesis                                               ; On                 ; On                 ;
; NOT Gate Push-Back                                               ; On                 ; On                 ;
; Power-Up Don't Care                                              ; On                 ; On                 ;
; Remove Redundant Logic Cells                                     ; Off                ; Off                ;
; Remove Duplicate Registers                                       ; On                 ; On                 ;
; Ignore CARRY Buffers                                             ; Off                ; Off                ;
; Ignore CASCADE Buffers                                           ; Off                ; Off                ;
; Ignore GLOBAL Buffers                                            ; Off                ; Off                ;
; Ignore ROW GLOBAL Buffers                                        ; Off                ; Off                ;
; Ignore LCELL Buffers                                             ; Off                ; Off                ;
; Ignore SOFT Buffers                                              ; On                 ; On                 ;
; Limit AHDL Integers to 32 Bits                                   ; Off                ; Off                ;
; Optimization Technique                                           ; Balanced           ; Balanced           ;
; Carry Chain Length                                               ; 70                 ; 70                 ;
; Auto Carry Chains                                                ; On                 ; On                 ;
; Auto Open-Drain Pins                                             ; On                 ; On                 ;
; Perform WYSIWYG Primitive Resynthesis                            ; Off                ; Off                ;
; Auto Shift Register Replacement                                  ; Auto               ; Auto               ;
; Allow Shift Register Merging across Hierarchies                  ; Auto               ; Auto               ;
; Auto Clock Enable Replacement                                    ; On                 ; On                 ;
; Allow Synchronous Control Signals                                ; On                 ; On                 ;
; Force Use of Synchronous Clear Signals                           ; Off                ; Off                ;
; Auto Resource Sharing                                            ; Off                ; Off                ;
; Use LogicLock Constraints during Resource Balancing              ; On                 ; On                 ;
; Ignore translate_off and synthesis_off directives                ; Off                ; Off                ;
; Report Parameter Settings                                        ; On                 ; On                 ;
; Report Source Assignments                                        ; On                 ; On                 ;
; Report Connectivity Checks                                       ; On                 ; On                 ;
; Ignore Maximum Fan-Out Assignments                               ; Off                ; Off                ;
; Synchronization Register Chain Length                            ; 2                  ; 2                  ;
; Power Optimization During Synthesis                              ; Normal compilation ; Normal compilation ;
; HDL message level                                                ; Level2             ; Level2             ;
; Suppress Register Optimization Related Messages                  ; Off                ; Off                ;
; Number of Removed Registers Reported in Synthesis Report         ; 5000               ; 5000               ;
; Number of Swept Nodes Reported in Synthesis Report               ; 5000               ; 5000               ;
; Number of Inverted Registers Reported in Synthesis Report        ; 100                ; 100                ;
; Clock MUX Protection                                             ; On                 ; On                 ;
; Block Design Naming                                              ; Auto               ; Auto               ;
; Synthesis Effort                                                 ; Auto               ; Auto               ;
; Shift Register Replacement - Allow Asynchronous Clear Signal     ; On                 ; On                 ;
; Analysis & Synthesis Message Level                               ; Medium             ; Medium             ;
; Disable Register Merging Across Hierarchies                      ; Auto               ; Auto               ;
+------------------------------------------------------------------+--------------------+--------------------+


+------------------------------------------+
; Parallel Compilation                     ;
+----------------------------+-------------+
; Processors                 ; Number      ;
+----------------------------+-------------+
; Number detected on machine ; 4           ;
; Maximum allowed            ; 2           ;
;                            ;             ;
; Average used               ; 1.00        ;
; Maximum used               ; 1           ;
;                            ;             ;
; Usage by Processor         ; % Time Used ;
;     Processor 1            ; 100.0%      ;
+----------------------------+-------------+


+-------------------------------------------------------------------------------------------------------------------------------------------------+
; Analysis & Synthesis Source Files Read                                                                                                          ;
+----------------------------------+-----------------+------------------------+---------------------------------------------------------+---------+
; File Name with User-Entered Path ; Used in Netlist ; File Type              ; File Name with Absolute Path                            ; Library ;
+----------------------------------+-----------------+------------------------+---------------------------------------------------------+---------+
; elevator2.v                      ; yes             ; User Verilog HDL File  ; C:/intelFPGA_lite/Vela Projects/FPGA_Exam4/elevator2.v  ;         ;
; Ad_Counter.v                     ; yes             ; User Verilog HDL File  ; C:/intelFPGA_lite/Vela Projects/FPGA_Exam4/Ad_Counter.v ;         ;
+----------------------------------+-----------------+------------------------+---------------------------------------------------------+---------+


+-------------------------------------------------------------------+
; Analysis & Synthesis Resource Usage Summary                       ;
+---------------------------------------------+---------------------+
; Resource                                    ; Usage               ;
+---------------------------------------------+---------------------+
; Total logic elements                        ; 72                  ;
;     -- Combinational with no register       ; 65                  ;
;     -- Register only                        ; 1                   ;
;     -- Combinational with a register        ; 6                   ;
;                                             ;                     ;
; Logic element usage by number of LUT inputs ;                     ;
;     -- 4 input functions                    ; 47                  ;
;     -- 3 input functions                    ; 15                  ;
;     -- 2 input functions                    ; 8                   ;
;     -- 1 input functions                    ; 1                   ;
;     -- 0 input functions                    ; 0                   ;
;                                             ;                     ;
; Logic elements by mode                      ;                     ;
;     -- normal mode                          ; 69                  ;
;     -- arithmetic mode                      ; 3                   ;
;     -- qfbk mode                            ; 0                   ;
;     -- register cascade mode                ; 0                   ;
;     -- synchronous clear/load mode          ; 0                   ;
;     -- asynchronous clear/load mode         ; 4                   ;
;                                             ;                     ;
; Total registers                             ; 7                   ;
; Total logic cells in carry chains           ; 4                   ;
; I/O pins                                    ; 16                  ;
; Maximum fan-out node                        ; Ad_Counter:add|Q[3] ;
; Maximum fan-out                             ; 18                  ;
; Total fan-out                               ; 266                 ;
; Average fan-out                             ; 3.02                ;
+---------------------------------------------+---------------------+


+------------------------------------------------------------------------------------------------------------------------------------------------------------------------------------------------------------------------------------------+
; Analysis & Synthesis Resource Utilization by Entity                                                                                                                                                                                      ;
+----------------------------+-------------+--------------+------------+------+--------------+--------------+-------------------+------------------+-----------------+------------+---------------------------+-------------+--------------+
; Compilation Hierarchy Node ; Logic Cells ; LC Registers ; UFM Blocks ; Pins ; Virtual Pins ; LUT-Only LCs ; Register-Only LCs ; LUT/Register LCs ; Carry Chain LCs ; Packed LCs ; Full Hierarchy Name       ; Entity Name ; Library Name ;
+----------------------------+-------------+--------------+------------+------+--------------+--------------+-------------------+------------------+-----------------+------------+---------------------------+-------------+--------------+
; |elevator2                 ; 72 (58)     ; 7            ; 0          ; 16   ; 0            ; 65 (55)      ; 1 (1)             ; 6 (2)            ; 4 (0)           ; 0 (0)      ; |elevator2                ; elevator2   ; work         ;
;    |Ad_Counter:add|        ; 14 (14)     ; 4            ; 0          ; 0    ; 0            ; 10 (10)      ; 0 (0)             ; 4 (4)            ; 4 (4)           ; 0 (0)      ; |elevator2|Ad_Counter:add ; Ad_Counter  ; work         ;
+----------------------------+-------------+--------------+------------+------+--------------+--------------+-------------------+------------------+-----------------+------------+---------------------------+-------------+--------------+
Note: For table entries with two numbers listed, the numbers in parentheses indicate the number of resources of the given type used by the specific entity alone. The numbers listed outside of parentheses indicate the total resources of the given type used by the specific entity and all of its sub-entities in the hierarchy.


+---------------------------------------------------------------------------------------------------+
; User-Specified and Inferred Latches                                                               ;
+----------------------------------------------------+---------------------+------------------------+
; Latch Name                                         ; Latch Enable Signal ; Free of Timing Hazards ;
+----------------------------------------------------+---------------------+------------------------+
; NextState[1]                                       ; NextState[1]        ; yes                    ;
; NextState[0]                                       ; NextState[1]        ; yes                    ;
; Number of user-specified and inferred latches = 2  ;                     ;                        ;
+----------------------------------------------------+---------------------+------------------------+
Note: All latches listed above may not be present at the end of synthesis due to various synthesis optimizations.


+------------------------------------------------------+
; General Register Statistics                          ;
+----------------------------------------------+-------+
; Statistic                                    ; Value ;
+----------------------------------------------+-------+
; Total registers                              ; 7     ;
; Number of registers using Synchronous Clear  ; 0     ;
; Number of registers using Synchronous Load   ; 0     ;
; Number of registers using Asynchronous Clear ; 4     ;
; Number of registers using Asynchronous Load  ; 0     ;
; Number of registers using Clock Enable       ; 0     ;
; Number of registers using Preset             ; 0     ;
+----------------------------------------------+-------+


+----------------------------------------------------------------------------------------------------------------------------------------------+
; Multiplexer Restructuring Statistics (Restructuring Performed)                                                                               ;
+--------------------+-----------+---------------+----------------------+------------------------+------------+--------------------------------+
; Multiplexer Inputs ; Bus Width ; Baseline Area ; Area if Restructured ; Saving if Restructured ; Registered ; Example Multiplexer Output     ;
+--------------------+-----------+---------------+----------------------+------------------------+------------+--------------------------------+
; 5:1                ; 3 bits    ; 9 LEs         ; 3 LEs                ; 6 LEs                  ; Yes        ; |elevator2|Ad_Counter:add|Q[1] ;
; 20:1               ; 2 bits    ; 26 LEs        ; 22 LEs               ; 4 LEs                  ; No         ; |elevator2|NextState[1]        ;
+--------------------+-----------+---------------+----------------------+------------------------+------------+--------------------------------+


+---------------------------------------------------------------------------+
; Parameter Settings for User Entity Instance: Top-level Entity: |elevator2 ;
+----------------+-------+--------------------------------------------------+
; Parameter Name ; Value ; Type                                             ;
+----------------+-------+--------------------------------------------------+
; UP             ; 1     ; Signed Integer                                   ;
; DOWN           ; 10    ; Signed Integer                                   ;
; IDLE           ; 100   ; Signed Integer                                   ;
+----------------+-------+--------------------------------------------------+
Note: In order to hide this table in the UI and the text report file, please set the "Show Parameter Settings in Synthesis Report" option in "Analysis and Synthesis Settings -> More Settings" to "Off".


+-------------------------------------------------------------+
; Parameter Settings for User Entity Instance: Ad_Counter:add ;
+----------------+-------+------------------------------------+
; Parameter Name ; Value ; Type                               ;
+----------------+-------+------------------------------------+
; MAX            ; 9     ; Signed Integer                     ;
; MIN            ; 0     ; Signed Integer                     ;
+----------------+-------+------------------------------------+
Note: In order to hide this table in the UI and the text report file, please set the "Show Parameter Settings in Synthesis Report" option in "Analysis and Synthesis Settings -> More Settings" to "Off".


+-------------------------------+
; Analysis & Synthesis Messages ;
+-------------------------------+
Info: *******************************************************************
Info: Running Quartus Prime Analysis & Synthesis
    Info: Version 18.1.0 Build 625 09/12/2018 SJ Lite Edition
    Info: Processing started: Wed May 05 16:58:06 2021
Info: Command: quartus_map --read_settings_files=on --write_settings_files=off EXAM4 -c EXAM4
Warning (18236): Number of processors has not been specified which may cause overloading on shared machines.  Set the global assignment NUM_PARALLEL_PROCESSORS in your QSF to an appropriate value for best performance.
Info (20030): Parallel compilation is enabled and will use 2 of the 2 processors detected
Info (12021): Found 1 design units, including 1 entities, in source file elevator2.v
    Info (12023): Found entity 1: elevator2 File: C:/intelFPGA_lite/Vela Projects/FPGA_Exam4/elevator2.v Line: 4
Info (12021): Found 1 design units, including 1 entities, in source file ad_counter.v
    Info (12023): Found entity 1: Ad_Counter File: C:/intelFPGA_lite/Vela Projects/FPGA_Exam4/Ad_Counter.v Line: 4
Info (12021): Found 1 design units, including 1 entities, in source file traffic.v
    Info (12023): Found entity 1: traffic File: C:/intelFPGA_lite/Vela Projects/FPGA_Exam4/traffic.v Line: 2
Info (12021): Found 1 design units, including 1 entities, in source file taillamp.v
    Info (12023): Found entity 1: taillamp File: C:/intelFPGA_lite/Vela Projects/FPGA_Exam4/taillamp.v Line: 4
Info (12021): Found 1 design units, including 1 entities, in source file elevator.v
    Info (12023): Found entity 1: elevator File: C:/intelFPGA_lite/Vela Projects/FPGA_Exam4/elevator.v Line: 4
Info (12127): Elaborating entity "elevator2" for the top level hierarchy
Warning (10230): Verilog HDL assignment warning at elevator2.v(39): truncated value with size 32 to match size of target (3) File: C:/intelFPGA_lite/Vela Projects/FPGA_Exam4/elevator2.v Line: 39
Warning (10199): Verilog HDL Case Statement warning at elevator2.v(49): case item expression never matches the case expression File: C:/intelFPGA_lite/Vela Projects/FPGA_Exam4/elevator2.v Line: 49
Warning (10230): Verilog HDL assignment warning at elevator2.v(73): truncated value with size 32 to match size of target (3) File: C:/intelFPGA_lite/Vela Projects/FPGA_Exam4/elevator2.v Line: 73
Warning (10235): Verilog HDL Always Construct warning at elevator2.v(75): variable "Layer" is read inside the Always Construct but isn't in the Always Construct's Event Control File: C:/intelFPGA_lite/Vela Projects/FPGA_Exam4/elevator2.v Line: 75
Warning (10230): Verilog HDL assignment warning at elevator2.v(75): truncated value with size 32 to match size of target (3) File: C:/intelFPGA_lite/Vela Projects/FPGA_Exam4/elevator2.v Line: 75
Warning (10235): Verilog HDL Always Construct warning at elevator2.v(77): variable "Layer" is read inside the Always Construct but isn't in the Always Construct's Event Control File: C:/intelFPGA_lite/Vela Projects/FPGA_Exam4/elevator2.v Line: 77
Warning (10230): Verilog HDL assignment warning at elevator2.v(77): truncated value with size 32 to match size of target (3) File: C:/intelFPGA_lite/Vela Projects/FPGA_Exam4/elevator2.v Line: 77
Warning (10235): Verilog HDL Always Construct warning at elevator2.v(79): variable "Layer" is read inside the Always Construct but isn't in the Always Construct's Event Control File: C:/intelFPGA_lite/Vela Projects/FPGA_Exam4/elevator2.v Line: 79
Warning (10230): Verilog HDL assignment warning at elevator2.v(79): truncated value with size 32 to match size of target (3) File: C:/intelFPGA_lite/Vela Projects/FPGA_Exam4/elevator2.v Line: 79
Warning (10235): Verilog HDL Always Construct warning at elevator2.v(81): variable "Layer" is read inside the Always Construct but isn't in the Always Construct's Event Control File: C:/intelFPGA_lite/Vela Projects/FPGA_Exam4/elevator2.v Line: 81
Warning (10230): Verilog HDL assignment warning at elevator2.v(81): truncated value with size 32 to match size of target (3) File: C:/intelFPGA_lite/Vela Projects/FPGA_Exam4/elevator2.v Line: 81
Warning (10235): Verilog HDL Always Construct warning at elevator2.v(83): variable "Layer" is read inside the Always Construct but isn't in the Always Construct's Event Control File: C:/intelFPGA_lite/Vela Projects/FPGA_Exam4/elevator2.v Line: 83
Warning (10230): Verilog HDL assignment warning at elevator2.v(83): truncated value with size 32 to match size of target (3) File: C:/intelFPGA_lite/Vela Projects/FPGA_Exam4/elevator2.v Line: 83
Warning (10235): Verilog HDL Always Construct warning at elevator2.v(85): variable "Layer" is read inside the Always Construct but isn't in the Always Construct's Event Control File: C:/intelFPGA_lite/Vela Projects/FPGA_Exam4/elevator2.v Line: 85
Warning (10230): Verilog HDL assignment warning at elevator2.v(85): truncated value with size 32 to match size of target (3) File: C:/intelFPGA_lite/Vela Projects/FPGA_Exam4/elevator2.v Line: 85
Warning (10235): Verilog HDL Always Construct warning at elevator2.v(87): variable "Layer" is read inside the Always Construct but isn't in the Always Construct's Event Control File: C:/intelFPGA_lite/Vela Projects/FPGA_Exam4/elevator2.v Line: 87
Warning (10230): Verilog HDL assignment warning at elevator2.v(87): truncated value with size 32 to match size of target (3) File: C:/intelFPGA_lite/Vela Projects/FPGA_Exam4/elevator2.v Line: 87
Warning (10235): Verilog HDL Always Construct warning at elevator2.v(89): variable "Layer" is read inside the Always Construct but isn't in the Always Construct's Event Control File: C:/intelFPGA_lite/Vela Projects/FPGA_Exam4/elevator2.v Line: 89
Warning (10230): Verilog HDL assignment warning at elevator2.v(89): truncated value with size 32 to match size of target (3) File: C:/intelFPGA_lite/Vela Projects/FPGA_Exam4/elevator2.v Line: 89
Warning (10230): Verilog HDL assignment warning at elevator2.v(91): truncated value with size 32 to match size of target (3) File: C:/intelFPGA_lite/Vela Projects/FPGA_Exam4/elevator2.v Line: 91
Warning (10199): Verilog HDL Case Statement warning at elevator2.v(93): case item expression never matches the case expression File: C:/intelFPGA_lite/Vela Projects/FPGA_Exam4/elevator2.v Line: 93
Warning (10230): Verilog HDL assignment warning at elevator2.v(118): truncated value with size 32 to match size of target (3) File: C:/intelFPGA_lite/Vela Projects/FPGA_Exam4/elevator2.v Line: 118
Warning (10235): Verilog HDL Always Construct warning at elevator2.v(120): variable "Layer" is read inside the Always Construct but isn't in the Always Construct's Event Control File: C:/intelFPGA_lite/Vela Projects/FPGA_Exam4/elevator2.v Line: 120
Warning (10230): Verilog HDL assignment warning at elevator2.v(120): truncated value with size 32 to match size of target (3) File: C:/intelFPGA_lite/Vela Projects/FPGA_Exam4/elevator2.v Line: 120
Warning (10235): Verilog HDL Always Construct warning at elevator2.v(122): variable "Layer" is read inside the Always Construct but isn't in the Always Construct's Event Control File: C:/intelFPGA_lite/Vela Projects/FPGA_Exam4/elevator2.v Line: 122
Warning (10230): Verilog HDL assignment warning at elevator2.v(122): truncated value with size 32 to match size of target (3) File: C:/intelFPGA_lite/Vela Projects/FPGA_Exam4/elevator2.v Line: 122
Warning (10235): Verilog HDL Always Construct warning at elevator2.v(124): variable "Layer" is read inside the Always Construct but isn't in the Always Construct's Event Control File: C:/intelFPGA_lite/Vela Projects/FPGA_Exam4/elevator2.v Line: 124
Warning (10230): Verilog HDL assignment warning at elevator2.v(124): truncated value with size 32 to match size of target (3) File: C:/intelFPGA_lite/Vela Projects/FPGA_Exam4/elevator2.v Line: 124
Warning (10235): Verilog HDL Always Construct warning at elevator2.v(126): variable "Layer" is read inside the Always Construct but isn't in the Always Construct's Event Control File: C:/intelFPGA_lite/Vela Projects/FPGA_Exam4/elevator2.v Line: 126
Warning (10230): Verilog HDL assignment warning at elevator2.v(126): truncated value with size 32 to match size of target (3) File: C:/intelFPGA_lite/Vela Projects/FPGA_Exam4/elevator2.v Line: 126
Warning (10235): Verilog HDL Always Construct warning at elevator2.v(128): variable "Layer" is read inside the Always Construct but isn't in the Always Construct's Event Control File: C:/intelFPGA_lite/Vela Projects/FPGA_Exam4/elevator2.v Line: 128
Warning (10230): Verilog HDL assignment warning at elevator2.v(128): truncated value with size 32 to match size of target (3) File: C:/intelFPGA_lite/Vela Projects/FPGA_Exam4/elevator2.v Line: 128
Warning (10235): Verilog HDL Always Construct warning at elevator2.v(130): variable "Layer" is read inside the Always Construct but isn't in the Always Construct's Event Control File: C:/intelFPGA_lite/Vela Projects/FPGA_Exam4/elevator2.v Line: 130
Warning (10230): Verilog HDL assignment warning at elevator2.v(130): truncated value with size 32 to match size of target (3) File: C:/intelFPGA_lite/Vela Projects/FPGA_Exam4/elevator2.v Line: 130
Warning (10235): Verilog HDL Always Construct warning at elevator2.v(132): variable "Layer" is read inside the Always Construct but isn't in the Always Construct's Event Control File: C:/intelFPGA_lite/Vela Projects/FPGA_Exam4/elevator2.v Line: 132
Warning (10230): Verilog HDL assignment warning at elevator2.v(132): truncated value with size 32 to match size of target (3) File: C:/intelFPGA_lite/Vela Projects/FPGA_Exam4/elevator2.v Line: 132
Warning (10235): Verilog HDL Always Construct warning at elevator2.v(134): variable "Layer" is read inside the Always Construct but isn't in the Always Construct's Event Control File: C:/intelFPGA_lite/Vela Projects/FPGA_Exam4/elevator2.v Line: 134
Warning (10230): Verilog HDL assignment warning at elevator2.v(134): truncated value with size 32 to match size of target (3) File: C:/intelFPGA_lite/Vela Projects/FPGA_Exam4/elevator2.v Line: 134
Warning (10230): Verilog HDL assignment warning at elevator2.v(136): truncated value with size 32 to match size of target (3) File: C:/intelFPGA_lite/Vela Projects/FPGA_Exam4/elevator2.v Line: 136
Warning (10240): Verilog HDL Always Construct warning at elevator2.v(45): inferring latch(es) for variable "NextState", which holds its previous value in one or more paths through the always construct File: C:/intelFPGA_lite/Vela Projects/FPGA_Exam4/elevator2.v Line: 45
Info (10041): Inferred latch for "NextState[0]" at elevator2.v(45) File: C:/intelFPGA_lite/Vela Projects/FPGA_Exam4/elevator2.v Line: 45
Info (10041): Inferred latch for "NextState[1]" at elevator2.v(45) File: C:/intelFPGA_lite/Vela Projects/FPGA_Exam4/elevator2.v Line: 45
Info (10041): Inferred latch for "NextState[2]" at elevator2.v(45) File: C:/intelFPGA_lite/Vela Projects/FPGA_Exam4/elevator2.v Line: 45
Info (12128): Elaborating entity "Ad_Counter" for hierarchy "Ad_Counter:add" File: C:/intelFPGA_lite/Vela Projects/FPGA_Exam4/elevator2.v Line: 21
Warning (13012): Latch NextState[1] has unsafe behavior File: C:/intelFPGA_lite/Vela Projects/FPGA_Exam4/elevator2.v Line: 45
    Warning (13013): Ports D and ENA on the latch are fed by the same signal buttons[0] File: C:/intelFPGA_lite/Vela Projects/FPGA_Exam4/elevator2.v Line: 6
Warning (13012): Latch NextState[0] has unsafe behavior File: C:/intelFPGA_lite/Vela Projects/FPGA_Exam4/elevator2.v Line: 45
    Warning (13013): Ports D and ENA on the latch are fed by the same signal buttons[0] File: C:/intelFPGA_lite/Vela Projects/FPGA_Exam4/elevator2.v Line: 6
Info (21057): Implemented 88 device resources after synthesis - the final resource count might be different
    Info (21058): Implemented 12 input pins
    Info (21059): Implemented 4 output pins
    Info (21061): Implemented 72 logic cells
Info (144001): Generated suppressed messages file C:/intelFPGA_lite/Vela Projects/FPGA_Exam4/output_files/EXAM4.map.smsg
Info: Quartus Prime Analysis & Synthesis was successful. 0 errors, 45 warnings
    Info: Peak virtual memory: 4694 megabytes
    Info: Processing ended: Wed May 05 16:58:22 2021
    Info: Elapsed time: 00:00:16
    Info: Total CPU time (on all processors): 00:00:36


+------------------------------------------+
; Analysis & Synthesis Suppressed Messages ;
+------------------------------------------+
The suppressed messages can be found in C:/intelFPGA_lite/Vela Projects/FPGA_Exam4/output_files/EXAM4.map.smsg.


