Flow report for FPGA_exam3
Wed May 05 15:46:50 2021
Quartus Prime Version 18.1.0 Build 625 09/12/2018 SJ Lite Edition


---------------------
; Table of Contents ;
---------------------
  1. Legal Notice
  2. Flow Summary
  3. Flow Settings
  4. Flow Non-Default Global Settings
  5. Flow Elapsed Time
  6. Flow OS Summary
  7. Flow Log
  8. Flow Messages
  9. Flow Suppressed Messages



----------------
; Legal Notice ;
----------------
Copyright (C) 2018  Intel Corporation. All rights reserved.
Your use of Intel Corporation's design tools, logic functions 
and other software and tools, and its AMPP partner logic 
functions, and any output files from any of the foregoing 
(including device programming or simulation files), and any 
associated documentation or information are expressly subject 
to the terms and conditions of the Intel Program License 
Subscription Agreement, the Intel Quartus Prime License Agreement,
the Intel FPGA IP License Agreement, or other applicable license
agreement, including, without limitation, that your use is for
the sole purpose of programming logic devices manufactured by
Intel and sold by Intel or its authorized distributors.  Please
refer to the applicable agreement for further details.



+---------------------------------------------------------------------+
; Flow Summary                                                        ;
+-----------------------+---------------------------------------------+
; Flow Status           ; Successful - Wed May 05 15:46:50 2021       ;
; Quartus Prime Version ; 18.1.0 Build 625 09/12/2018 SJ Lite Edition ;
; Revision Name         ; FPGA_exam3                                  ;
; Top-level Entity Name ; m                                           ;
; Family                ; MAX V                                       ;
; Total logic elements  ; 5 / 40 ( 13 % )                             ;
; Total pins            ; 3 / 30 ( 10 % )                             ;
; Total virtual pins    ; 0                                           ;
; UFM blocks            ; 0 / 1 ( 0 % )                               ;
; Device                ; 5M40ZM64C4                                  ;
; Timing Models         ; Final                                       ;
+-----------------------+---------------------------------------------+


+-----------------------------------------+
; Flow Settings                           ;
+-------------------+---------------------+
; Option            ; Setting             ;
+-------------------+---------------------+
; Start date & time ; 05/05/2021 15:46:19 ;
; Main task         ; Compilation         ;
; Revision Name     ; FPGA_exam3          ;
+-------------------+---------------------+


+-------------------------------------------------------------------------------------------------------+
; Flow Non-Default Global Settings                                                                      ;
+--------------------------+-----------------------------+---------------+-------------+----------------+
; Assignment Name          ; Value                       ; Default Value ; Entity Name ; Section Id     ;
+--------------------------+-----------------------------+---------------+-------------+----------------+
; COMPILER_SIGNATURE_ID    ; 91770829994.162020077916872 ; --            ; --          ; --             ;
; EDA_OUTPUT_DATA_FORMAT   ; Verilog Hdl                 ; --            ; --          ; eda_simulation ;
; EDA_SIMULATION_TOOL      ; ModelSim-Altera (Verilog)   ; <None>        ; --          ; --             ;
; EDA_TIME_SCALE           ; 1 ps                        ; --            ; --          ; eda_simulation ;
; PROJECT_OUTPUT_DIRECTORY ; output_files                ; --            ; --          ; --             ;
; TOP_LEVEL_ENTITY         ; m                           ; FPGA_exam3    ; --          ; --             ;
+--------------------------+-----------------------------+---------------+-------------+----------------+


+--------------------------------------------------------------------------------------------------------------------------+
; Flow Elapsed Time                                                                                                        ;
+----------------------+--------------+-------------------------+---------------------+------------------------------------+
; Module Name          ; Elapsed Time ; Average Processors Used ; Peak Virtual Memory ; Total CPU Time (on all processors) ;
+----------------------+--------------+-------------------------+---------------------+------------------------------------+
; Analysis & Synthesis ; 00:00:20     ; 1.0                     ; 4693 MB             ; 00:00:38                           ;
; Fitter               ; 00:00:03     ; 1.0                     ; 5060 MB             ; 00:00:03                           ;
; Assembler            ; 00:00:01     ; 1.0                     ; 4645 MB             ; 00:00:01                           ;
; Timing Analyzer      ; 00:00:02     ; 1.0                     ; 4651 MB             ; 00:00:02                           ;
; EDA Netlist Writer   ; 00:00:02     ; 1.0                     ; 4609 MB             ; 00:00:02                           ;
; Total                ; 00:00:28     ; --                      ; --                  ; 00:00:46                           ;
+----------------------+--------------+-------------------------+---------------------+------------------------------------+


+------------------------------------------------------------------------------------+
; Flow OS Summary                                                                    ;
+----------------------+------------------+------------+------------+----------------+
; Module Name          ; Machine Hostname ; OS Name    ; OS Version ; Processor type ;
+----------------------+------------------+------------+------------+----------------+
; Analysis & Synthesis ; Yang             ; Windows 10 ; 10.0       ; x86_64         ;
; Fitter               ; Yang             ; Windows 10 ; 10.0       ; x86_64         ;
; Assembler            ; Yang             ; Windows 10 ; 10.0       ; x86_64         ;
; Timing Analyzer      ; Yang             ; Windows 10 ; 10.0       ; x86_64         ;
; EDA Netlist Writer   ; Yang             ; Windows 10 ; 10.0       ; x86_64         ;
+----------------------+------------------+------------+------------+----------------+


------------
; Flow Log ;
------------
quartus_map --read_settings_files=on --write_settings_files=off FPGA_exam3 -c FPGA_exam3
quartus_fit --read_settings_files=off --write_settings_files=off FPGA_exam3 -c FPGA_exam3
quartus_asm --read_settings_files=off --write_settings_files=off FPGA_exam3 -c FPGA_exam3
quartus_sta FPGA_exam3 -c FPGA_exam3
quartus_eda --read_settings_files=off --write_settings_files=off FPGA_exam3 -c FPGA_exam3



